<?xml version="1.0" encoding="UTF-8"?>
<testng-results ignored="0" total="1" passed="1" failed="0" skipped="0">
  <reporter-output>
  </reporter-output>
  <suite started-at="2026-05-18T03:02:21 IST" name="Suite" finished-at="2026-05-18T03:02:23 IST" duration-ms="2787">
    <groups>
    </groups>
    <test started-at="2026-05-18T03:02:21 IST" name="Test" finished-at="2026-05-18T03:02:23 IST" duration-ms="2787">
      <class name="testsetup.Testsetup">
        <test-method is-config="true" signature="start_all()[pri:0, instance:testsetup.Testsetup@34e9fd99]" started-at="2026-05-18T03:01:41 IST" name="start_all" finished-at="2026-05-18T03:02:21 IST" duration-ms="39407" status="PASS">
          <reporter-output>
          </reporter-output>
        </test-method> <!-- start_all -->
        <test-method is-config="true" signature="Close_All()[pri:0, instance:testsetup.Testsetup@34e9fd99]" started-at="2026-05-18T03:02:24 IST" name="Close_All" finished-at="2026-05-18T03:02:24 IST" duration-ms="29" status="PASS">
          <reporter-output>
          </reporter-output>
        </test-method> <!-- Close_All -->
      </class> <!-- testsetup.Testsetup -->
      <class name="testcase.RegisterAccount">
        <test-method signature="create_newAccount(java.lang.String,java.lang.String,java.lang.String,java.lang.String,java.lang.String,java.lang.String,java.lang.String,java.lang.String,java.lang.String,java.lang.String)[pri:0, instance:testcase.RegisterAccount@1573f9fc]" started-at="2026-05-18T03:02:22 IST" name="create_newAccount" data-provider="specificCellData" finished-at="2026-05-18T03:02:23 IST" duration-ms="1200" status="PASS">
          <params>
            <param index="0">
              <value>
                <![CDATA[Peter]]>
              </value>
            </param>
            <param index="1">
              <value>
                <![CDATA[Parker]]>
              </value>
            </param>
            <param index="2">
              <value>
                <![CDATA[25 rock hill]]>
              </value>
            </param>
            <param index="3">
              <value>
                <![CDATA[colorado]]>
              </value>
            </param>
            <param index="4">
              <value>
                <![CDATA[co]]>
              </value>
            </param>
            <param index="5">
              <value>
                <![CDATA[80054.0]]>
              </value>
            </param>
            <param index="6">
              <value>
                <![CDATA[74569.0]]>
              </value>
            </param>
            <param index="7">
              <value>
                <![CDATA[1236.0]]>
              </value>
            </param>
            <param index="8">
              <value>
                <![CDATA[tgh]]>
              </value>
            </param>
            <param index="9">
              <value>
                <![CDATA[newnew]]>
              </value>
            </param>
          </params>
          <reporter-output>
          </reporter-output>
        </test-method> <!-- create_newAccount -->
      </class> <!-- testcase.RegisterAccount -->
    </test> <!-- Test -->
  </suite> <!-- Suite -->
</testng-results>
