<?xml version="1.0" encoding="UTF-8"?>
<!-- Generated by org.testng.reporters.JUnitXMLReporter -->
<testsuite ignored="0" hostname="Viki" failures="1" tests="3" name="Test" time="6.248" errors="0" timestamp="2026-05-05T13:10:56 IST">
  <testcase classname="testcase.Register_account" name="create_newAccount" time="2.216"/>
  <testcase classname="testcase.Register_account" name="create_newAccount" time="1.942"/>
  <testcase classname="testcase.Register_account" name="create_newAccount" time="1.306">
    <failure type="java.lang.AssertionError" message="expected [Your account was created successfully. You are now logged in.] but found [If you have an account with us you can sign-up for free instant online access. You will have to provide some personal information.]">
      <![CDATA[java.lang.AssertionError: expected [Your account was created successfully. You are now logged in.] but found [If you have an account with us you can sign-up for free instant online access. You will have to provide some personal information.]
at testcase.Register_account.create_newAccount(Register_account.java:67)
at java.base/java.util.ArrayList.forEach(ArrayList.java:1604)
... Removed 31 stack frames]]>
    </failure>
  </testcase> <!-- create_newAccount -->
</testsuite> <!-- Test -->
