<?xml version="1.0" encoding="UTF-8"?>
<testng-results ignored="0" total="3" passed="2" failed="1" skipped="0">
  <reporter-output>
  </reporter-output>
  <suite started-at="2026-05-05T13:10:50 IST" name="Suite" finished-at="2026-05-05T13:10:56 IST" duration-ms="6248">
    <groups>
    </groups>
    <test started-at="2026-05-05T13:10:50 IST" name="Test" finished-at="2026-05-05T13:10:56 IST" duration-ms="6248">
      <class name="testSetup.test_setup">
        <test-method is-config="true" signature="start_all()[pri:0, instance:testSetup.test_setup@6379eb]" started-at="2026-05-05T13:10:36 IST" name="start_all" finished-at="2026-05-05T13:10:50 IST" duration-ms="13321" status="PASS">
          <reporter-output>
          </reporter-output>
        </test-method> <!-- start_all -->
        <test-method is-config="true" signature="Close_All()[pri:0, instance:testSetup.test_setup@6379eb]" started-at="2026-05-05T13:10:56 IST" name="Close_All" finished-at="2026-05-05T13:10:57 IST" duration-ms="722" status="PASS">
          <reporter-output>
          </reporter-output>
        </test-method> <!-- Close_All -->
      </class> <!-- testSetup.test_setup -->
      <class name="testcase.Register_account">
        <test-method signature="create_newAccount(java.lang.String,java.lang.String,java.lang.String,java.lang.String,java.lang.String,java.lang.String,java.lang.String,java.lang.String,java.lang.String,java.lang.String,java.lang.String)[pri:0, instance:testcase.Register_account@6c64cb25]" started-at="2026-05-05T13:10:50 IST" name="create_newAccount" data-provider="registerData" finished-at="2026-05-05T13:10:53 IST" duration-ms="2216" status="PASS">
          <params>
            <param index="0">
              <value>
                <![CDATA[John]]>
              </value>
            </param>
            <param index="1">
              <value>
                <![CDATA[Doe]]>
              </value>
            </param>
            <param index="2">
              <value>
                <![CDATA[123 Main St]]>
              </value>
            </param>
            <param index="3">
              <value>
                <![CDATA[New York]]>
              </value>
            </param>
            <param index="4">
              <value>
                <![CDATA[NY]]>
              </value>
            </param>
            <param index="5">
              <value>
                <![CDATA[10001.0]]>
              </value>
            </param>
            <param index="6">
              <value>
                <![CDATA[266.0]]>
              </value>
            </param>
            <param index="7">
              <value>
                <![CDATA[1255.0]]>
              </value>
            </param>
            <param index="8">
              <value>
                <![CDATA[efe]]>
              </value>
            </param>
            <param index="9">
              <value>
                <![CDATA[pass123]]>
              </value>
            </param>
            <param index="10">
              <value>
                <![CDATA[pass123]]>
              </value>
            </param>
          </params>
          <reporter-output>
          </reporter-output>
        </test-method> <!-- create_newAccount -->
        <test-method signature="create_newAccount(java.lang.String,java.lang.String,java.lang.String,java.lang.String,java.lang.String,java.lang.String,java.lang.String,java.lang.String,java.lang.String,java.lang.String,java.lang.String)[pri:0, instance:testcase.Register_account@6c64cb25]" started-at="2026-05-05T13:10:53 IST" name="create_newAccount" data-provider="registerData" finished-at="2026-05-05T13:10:55 IST" duration-ms="1942" status="PASS">
          <params>
            <param index="0">
              <value>
                <![CDATA[Jane]]>
              </value>
            </param>
            <param index="1">
              <value>
                <![CDATA[Smith]]>
              </value>
            </param>
            <param index="2">
              <value>
                <![CDATA[456 Park Ave]]>
              </value>
            </param>
            <param index="3">
              <value>
                <![CDATA[Chicago]]>
              </value>
            </param>
            <param index="4">
              <value>
                <![CDATA[IL]]>
              </value>
            </param>
            <param index="5">
              <value>
                <![CDATA[60601.0]]>
              </value>
            </param>
            <param index="6">
              <value>
                <![CDATA[25889.0]]>
              </value>
            </param>
            <param index="7">
              <value>
                <![CDATA[1225.0]]>
              </value>
            </param>
            <param index="8">
              <value>
                <![CDATA[ffe]]>
              </value>
            </param>
            <param index="9">
              <value>
                <![CDATA[pass456]]>
              </value>
            </param>
            <param index="10">
              <value>
                <![CDATA[pass456]]>
              </value>
            </param>
          </params>
          <reporter-output>
          </reporter-output>
        </test-method> <!-- create_newAccount -->
        <test-method signature="create_newAccount(java.lang.String,java.lang.String,java.lang.String,java.lang.String,java.lang.String,java.lang.String,java.lang.String,java.lang.String,java.lang.String,java.lang.String,java.lang.String)[pri:0, instance:testcase.Register_account@6c64cb25]" started-at="2026-05-05T13:10:55 IST" name="create_newAccount" data-provider="registerData" finished-at="2026-05-05T13:10:56 IST" duration-ms="1306" status="FAIL">
          <params>
            <param index="0">
              <value>
                <![CDATA[Alex]]>
              </value>
            </param>
            <param index="1">
              <value>
                <![CDATA[Brown]]>
              </value>
            </param>
            <param index="2">
              <value>
                <![CDATA[789 Elm Road]]>
              </value>
            </param>
            <param index="3">
              <value>
                <![CDATA[Dallas]]>
              </value>
            </param>
            <param index="4">
              <value>
                <![CDATA[TX]]>
              </value>
            </param>
            <param index="5">
              <value>
                <![CDATA[75201.0]]>
              </value>
            </param>
            <param index="6">
              <value>
                <![CDATA[32565.0]]>
              </value>
            </param>
            <param index="7">
              <value>
                <![CDATA[1255.0]]>
              </value>
            </param>
            <param index="8">
              <value>
                <![CDATA[efe]]>
              </value>
            </param>
            <param index="9">
              <value>
                <![CDATA[pass789]]>
              </value>
            </param>
            <param index="10">
              <value>
                <![CDATA[pass789]]>
              </value>
            </param>
          </params>
          <exception class="java.lang.AssertionError">
            <message>
              <![CDATA[expected [Your account was created successfully. You are now logged in.] but found [If you have an account with us you can sign-up for free instant online access. You will have to provide some personal information.]]]>
            </message>
            <full-stacktrace>
              <![CDATA[java.lang.AssertionError: expected [Your account was created successfully. You are now logged in.] but found [If you have an account with us you can sign-up for free instant online access. You will have to provide some personal information.]
at org.testng.Assert.fail(Assert.java:111)
at org.testng.Assert.failNotEquals(Assert.java:1590)
at org.testng.Assert.assertEqualsImpl(Assert.java:150)
at org.testng.Assert.assertEquals(Assert.java:132)
at org.testng.Assert.assertEquals(Assert.java:656)
at org.testng.Assert.assertEquals(Assert.java:666)
at testcase.Register_account.create_newAccount(Register_account.java:67)
at java.base/jdk.internal.reflect.DirectMethodHandleAccessor.invoke(DirectMethodHandleAccessor.java:104)
at java.base/java.lang.reflect.Method.invoke(Method.java:565)
at org.testng.internal.invokers.MethodInvocationHelper.invokeMethod(MethodInvocationHelper.java:141)
at org.testng.internal.invokers.TestInvoker.invokeMethod(TestInvoker.java:687)
at org.testng.internal.invokers.TestInvoker.invokeTestMethod(TestInvoker.java:230)
at org.testng.internal.invokers.MethodRunner.runInSequence(MethodRunner.java:63)
at org.testng.internal.invokers.TestInvoker$MethodInvocationAgent.invoke(TestInvoker.java:995)
at org.testng.internal.invokers.TestInvoker.invokeTestMethods(TestInvoker.java:203)
at org.testng.internal.invokers.TestMethodWorker.invokeTestMethods(TestMethodWorker.java:154)
at org.testng.internal.invokers.TestMethodWorker.run(TestMethodWorker.java:134)
at java.base/java.util.ArrayList.forEach(ArrayList.java:1604)
at org.testng.TestRunner.privateRun(TestRunner.java:741)
at org.testng.TestRunner.run(TestRunner.java:616)
at org.testng.SuiteRunner.runTest(SuiteRunner.java:421)
at org.testng.SuiteRunner.runSequentially(SuiteRunner.java:413)
at org.testng.SuiteRunner.privateRun(SuiteRunner.java:373)
at org.testng.SuiteRunner.run(SuiteRunner.java:312)
at org.testng.SuiteRunnerWorker.runSuite(SuiteRunnerWorker.java:52)
at org.testng.SuiteRunnerWorker.run(SuiteRunnerWorker.java:95)
at org.testng.TestNG.runSuitesSequentially(TestNG.java:1274)
at org.testng.TestNG.runSuitesLocally(TestNG.java:1208)
at org.testng.TestNG.runSuites(TestNG.java:1112)
at org.testng.TestNG.run(TestNG.java:1079)
at org.testng.remote.AbstractRemoteTestNG.run(AbstractRemoteTestNG.java:115)
at org.testng.remote.RemoteTestNG.initAndRun(RemoteTestNG.java:293)
at org.testng.remote.RemoteTestNG.main(RemoteTestNG.java:91)
]]>
            </full-stacktrace>
          </exception> <!-- java.lang.AssertionError -->
          <reporter-output>
          </reporter-output>
        </test-method> <!-- create_newAccount -->
      </class> <!-- testcase.Register_account -->
    </test> <!-- Test -->
  </suite> <!-- Suite -->
</testng-results>
